c:\users\administrator\desktop\c#量化开源框架\quannet\ctp\debug\ctp.pch
c:\users\administrator\desktop\c#量化开源框架\quannet\ctp\debug\vc120.pdb
c:\users\administrator\desktop\c#量化开源框架\quannet\ctp\debug\stdafx.xdc
c:\users\administrator\desktop\c#量化开源框架\quannet\ctp\debug\stdafx.obj
c:\users\administrator\desktop\c#量化开源框架\quannet\ctp\debug\assemblyinfo.xdc
c:\users\administrator\desktop\c#量化开源框架\quannet\ctp\debug\ctp.xdc
c:\users\administrator\desktop\c#量化开源框架\quannet\ctp\debug\ctpmdadapter.xdc
c:\users\administrator\desktop\c#量化开源框架\quannet\ctp\debug\ctptraderadapter.xdc
c:\users\administrator\desktop\c#量化开源框架\quannet\ctp\debug\util.xdc
c:\users\administrator\desktop\c#量化开源框架\quannet\ctp\debug\util.obj
c:\users\administrator\desktop\c#量化开源框架\quannet\ctp\debug\ctptraderadapter.obj
c:\users\administrator\desktop\c#量化开源框架\quannet\ctp\debug\ctpmdadapter.obj
c:\users\administrator\desktop\c#量化开源框架\quannet\ctp\debug\ctp.obj
c:\users\administrator\desktop\c#量化开源框架\quannet\ctp\debug\assemblyinfo.obj
c:\users\administrator\desktop\c#量化开源框架\quannet\ctp\debug\.netframework,version=v4.0.assemblyattributes.xdc
c:\users\administrator\desktop\c#量化开源框架\quannet\ctp\debug\.netframework,version=v4.0.assemblyattributes.obj
c:\users\administrator\desktop\c#量化开源框架\quannet\debug\ctp.dll
c:\users\administrator\desktop\c#量化开源框架\quannet\debug\ctp.pdb
c:\users\administrator\desktop\c#量化开源框架\quannet\ctp\debug\app.res
c:\users\administrator\desktop\c#量化开源框架\quannet\debug\ctp.xml
c:\users\administrator\desktop\c#量化开源框架\quannet\ctp\debug\ctp.vcxprojresolveassemblyreference.cache
c:\users\administrator\desktop\c#量化开源框架\quannet\ctp\debug\ctp.tlog\cl.command.1.tlog
c:\users\administrator\desktop\c#量化开源框架\quannet\ctp\debug\ctp.tlog\cl.read.1.tlog
c:\users\administrator\desktop\c#量化开源框架\quannet\ctp\debug\ctp.tlog\cl.write.1.tlog
c:\users\administrator\desktop\c#量化开源框架\quannet\ctp\debug\ctp.tlog\link.command.1.tlog
c:\users\administrator\desktop\c#量化开源框架\quannet\ctp\debug\ctp.tlog\link.read.1.tlog
c:\users\administrator\desktop\c#量化开源框架\quannet\ctp\debug\ctp.tlog\link.write.1.tlog
c:\users\administrator\desktop\c#量化开源框架\quannet\ctp\debug\ctp.tlog\metagen.read.1.tlog
c:\users\administrator\desktop\c#量化开源框架\quannet\ctp\debug\ctp.tlog\metagen.write.1.tlog
c:\users\administrator\desktop\c#量化开源框架\quannet\ctp\debug\ctp.tlog\rc.command.1.tlog
c:\users\administrator\desktop\c#量化开源框架\quannet\ctp\debug\ctp.tlog\rc.read.1.tlog
c:\users\administrator\desktop\c#量化开源框架\quannet\ctp\debug\ctp.tlog\rc.write.1.tlog
c:\users\administrator\desktop\c#量化开源框架\quannet\ctp\debug\ctp.tlog\xdcmake.command.1.tlog
c:\users\administrator\desktop\c#量化开源框架\quannet\ctp\debug\ctp.tlog\xdcmake.read.1.tlog
c:\users\administrator\desktop\c#量化开源框架\quannet\ctp\debug\ctp.tlog\xdcmake.write.1.tlog
c:\users\administrator\desktop\c#量化开源框架\quannet\ctp\debug\ctp.tlog\msxml6r.dll.bi
c:\users\administrator\desktop\c#量化开源框架\quannet\ctp\debug\ctp.tlog\rsaenh.dll.bi
c:\users\administrator\desktop\c#量化开源框架\quannet\ctp\debug\ctp.tlog\tzres.dll.bi
